<?xml version="1.0" encoding="UTF-8"?>
<testng-results ignored="0" total="2" passed="2" failed="0" skipped="0">
  <reporter-output>
  </reporter-output>
  <suite started-at="2023-04-29T17:26:31Z" name="Suite" finished-at="2023-04-29T17:27:03Z" duration-ms="32187">
    <groups>
    </groups>
    <test started-at="2023-04-29T17:26:31Z" name="Test" finished-at="2023-04-29T17:27:03Z" duration-ms="32187">
      <class name="testcases.LoginTest">
        <test-method is-config="true" signature="ConnectionSetUp()[pri:0, instance:testcases.LoginTest@4b741d6d]" started-at="2023-04-29T17:26:31Z" name="ConnectionSetUp" finished-at="2023-04-29T17:26:42Z" duration-ms="10949" status="PASS">
          <reporter-output>
          </reporter-output>
        </test-method> <!-- ConnectionSetUp -->
        <test-method is-config="true" signature="SetUp()[pri:0, instance:testcases.LoginTest@4b741d6d]" started-at="2023-04-29T17:26:42Z" name="SetUp" finished-at="2023-04-29T17:26:47Z" duration-ms="4773" status="PASS">
          <reporter-output>
          </reporter-output>
        </test-method> <!-- SetUp -->
        <test-method signature="NegativeLogin()[pri:0, instance:testcases.LoginTest@4b741d6d]" started-at="2023-04-29T17:26:47Z" name="NegativeLogin" finished-at="2023-04-29T17:26:57Z" duration-ms="10642" status="PASS">
          <reporter-output>
          </reporter-output>
        </test-method> <!-- NegativeLogin -->
        <test-method is-config="true" signature="TearDown()[pri:0, instance:testcases.LoginTest@4b741d6d]" started-at="2023-04-29T17:26:57Z" name="TearDown" finished-at="2023-04-29T17:26:59Z" duration-ms="1134" status="PASS">
          <reporter-output>
          </reporter-output>
        </test-method> <!-- TearDown -->
        <test-method is-config="true" signature="SetUp()[pri:0, instance:testcases.LoginTest@4b741d6d]" started-at="2023-04-29T17:26:59Z" name="SetUp" finished-at="2023-04-29T17:27:02Z" duration-ms="3455" status="PASS">
          <reporter-output>
          </reporter-output>
        </test-method> <!-- SetUp -->
        <test-method signature="PositiveLogin()[pri:0, instance:testcases.LoginTest@4b741d6d]" started-at="2023-04-29T17:27:02Z" name="PositiveLogin" finished-at="2023-04-29T17:27:03Z" duration-ms="520" status="PASS">
          <reporter-output>
          </reporter-output>
        </test-method> <!-- PositiveLogin -->
        <test-method is-config="true" signature="TearDown()[pri:0, instance:testcases.LoginTest@4b741d6d]" started-at="2023-04-29T17:27:03Z" name="TearDown" finished-at="2023-04-29T17:27:03Z" duration-ms="691" status="PASS">
          <reporter-output>
          </reporter-output>
        </test-method> <!-- TearDown -->
      </class> <!-- testcases.LoginTest -->
    </test> <!-- Test -->
  </suite> <!-- Suite -->
</testng-results>
